mode: set
github.com/jailtonjunior94/go-products/internal/infra/database/product_db.go:13.39,15.2 1 1
github.com/jailtonjunior94/go-products/internal/infra/database/product_db.go:17.57,19.2 1 1
github.com/jailtonjunior94/go-products/internal/infra/database/product_db.go:21.83,25.51 3 1
github.com/jailtonjunior94/go-products/internal/infra/database/product_db.go:29.2,29.29 1 1
github.com/jailtonjunior94/go-products/internal/infra/database/product_db.go:35.2,35.22 1 1
github.com/jailtonjunior94/go-products/internal/infra/database/product_db.go:25.51,27.3 1 0
github.com/jailtonjunior94/go-products/internal/infra/database/product_db.go:29.29,31.3 1 1
github.com/jailtonjunior94/go-products/internal/infra/database/product_db.go:31.8,33.3 1 0
github.com/jailtonjunior94/go-products/internal/infra/database/product_db.go:38.64,42.2 3 0
github.com/jailtonjunior94/go-products/internal/infra/database/product_db.go:44.57,46.16 2 0
github.com/jailtonjunior94/go-products/internal/infra/database/product_db.go:49.2,49.33 1 0
github.com/jailtonjunior94/go-products/internal/infra/database/product_db.go:46.16,48.3 1 0
github.com/jailtonjunior94/go-products/internal/infra/database/product_db.go:52.43,54.16 2 0
github.com/jailtonjunior94/go-products/internal/infra/database/product_db.go:57.2,57.35 1 0
github.com/jailtonjunior94/go-products/internal/infra/database/product_db.go:54.16,56.3 1 0
github.com/jailtonjunior94/go-products/internal/infra/database/user_db.go:13.33,15.2 1 1
github.com/jailtonjunior94/go-products/internal/infra/database/user_db.go:17.48,19.2 1 1
github.com/jailtonjunior94/go-products/internal/infra/database/user_db.go:21.64,23.74 2 1
github.com/jailtonjunior94/go-products/internal/infra/database/user_db.go:26.2,26.19 1 1
github.com/jailtonjunior94/go-products/internal/infra/database/user_db.go:23.74,25.3 1 0
github.com/jailtonjunior94/go-products/internal/entity/product.go:25.63,34.16 3 1
github.com/jailtonjunior94/go-products/internal/entity/product.go:38.2,38.21 1 1
github.com/jailtonjunior94/go-products/internal/entity/product.go:34.16,36.3 1 1
github.com/jailtonjunior94/go-products/internal/entity/product.go:41.36,42.25 1 1
github.com/jailtonjunior94/go-products/internal/entity/product.go:46.2,46.57 1 1
github.com/jailtonjunior94/go-products/internal/entity/product.go:50.2,50.18 1 1
github.com/jailtonjunior94/go-products/internal/entity/product.go:54.2,54.18 1 1
github.com/jailtonjunior94/go-products/internal/entity/product.go:58.2,58.12 1 1
github.com/jailtonjunior94/go-products/internal/entity/product.go:42.25,44.3 1 0
github.com/jailtonjunior94/go-products/internal/entity/product.go:46.57,48.3 1 0
github.com/jailtonjunior94/go-products/internal/entity/product.go:50.18,52.3 1 1
github.com/jailtonjunior94/go-products/internal/entity/product.go:54.18,56.3 1 1
github.com/jailtonjunior94/go-products/internal/entity/user.go:16.59,18.16 2 1
github.com/jailtonjunior94/go-products/internal/entity/user.go:22.2,27.8 1 1
github.com/jailtonjunior94/go-products/internal/entity/user.go:18.16,20.3 1 0
github.com/jailtonjunior94/go-products/internal/entity/user.go:30.55,33.2 2 1
